[2013-05-17 16:24:38] #41 new password $gkY'NQ(\:;[nJ'8o
[2013-05-17 16:24:38] #42 new password ]T+dbssk-s3Wrv%J2yG&
[2013-05-17 16:24:38] #43 new password 1sw3T|x%R_wQFw
[2013-05-17 16:24:38] #44 new password CBL.x<-R)hb"(~G\Y/N\
[2013-05-17 16:24:38] #45 new password +A{9UYO;IXt41KBV
[2013-05-17 16:24:38] #46 new password fJS&gKGGX1nls&uHfnH_
[2013-05-17 16:24:38] #47 new password H_@UmYURvUKSf]uT
[2013-05-17 16:24:38] #48 new password eGVBY>N&|xDDzDG
[2013-05-17 16:24:38] #49 new password A4Aj[STp[B~
[2013-05-17 16:24:38] #50 new password dYB@gdfCZpf*c06`+<6Q
[2013-05-17 16:24:38] #51 new password U2iXVo9%}f)G6NS$RP~
[2013-05-17 16:24:42] #52 new password ;gD5VCNe048oXU\M-Ej
[2013-05-17 16:24:42] #53 new password >Z$]dP'i%h~a)G2r
[2013-05-17 16:24:43] #54 new password WZq827+UWnL|iJ4P&nIP
[2013-05-17 16:24:45] #55 new password N_=>rJ:!qr2M..z
[2013-05-17 16:27:52] #56 new password ]G-pl]Oma-@sy1tNv:_q
[2013-05-17 16:27:52] #57 new password yVD3ICkU/[jBp/a6
[2013-05-17 16:27:52] #58 new password C|a5gI6x)3V)F5W{
[2013-05-17 16:27:52] #59 new password s%YeqqlUZ^:ar)T.ds
[2013-05-17 16:27:52] #60 new password V6~&8iLHH13:lb,@
[2013-05-17 16:27:52] #61 new password ee>/XDUbiKO|moa.>|
[2013-05-17 16:27:52] #62 new password j02)zM,J[:*B4c{F~K
[2013-05-17 16:27:52] #63 new password V{zSrxe,]A]^F
[2013-05-17 16:27:52] #64 new password Dag!=)uSS1[ld6
[2013-05-17 16:27:52] #65 new password "~Q,rKm)#OGo+
[2013-05-17 16:27:53] #66 new password 9k{*gZ1ZzECW(zXf=P
[2013-05-17 16:27:54] #67 new password 5Sm$/bC{+\@?dp)N^
[2013-05-17 16:27:54] #68 new password JT*kyt`1HV
[2013-05-17 16:27:55] #69 new password Y4wsI>M-H|=LUxh
[2013-05-17 16:27:55] #70 new password |5{F7cFoL}v^@3c3f|q
